Build started 17/12/2018 11:26:48 CH.
     1>Project "E:\a\Documents\Visual Studio 2013\Projects\LogicalExpressionOptimizing\LogicalExpressionOptimizing\LogicalExpressionOptimizing.vcxproj" on node 2 (Build target(s)).
     1>ClCompile:
         C:\Program Files (x86)\Microsoft Visual Studio 12.0\VC\bin\CL.exe /c /ZI /nologo /W3 /WX- /sdl /Od /Oy- /D _MBCS /Gm /EHsc /RTC1 /MDd /GS /fp:precise /Zc:wchar_t /Zc:forScope /Fo"Debug\\" /Fd"Debug\vc120.pdb" /Gd /TP /analyze- /errorReport:prompt main.cpp
         main.cpp
     1>e:\a\documents\visual studio 2013\projects\logicalexpressionoptimizing\logicalexpressionoptimizing\expressionoptimizer.h(18): warning C4018: '<' : signed/unsigned mismatch
     1>e:\a\documents\visual studio 2013\projects\logicalexpressionoptimizing\logicalexpressionoptimizing\expressionoptimizer.h(29): warning C4553: '==' : operator has no effect; did you intend '='?
     1>e:\a\documents\visual studio 2013\projects\logicalexpressionoptimizing\logicalexpressionoptimizing\main.cpp(9): error C2143: syntax error : missing ';' before '}'
     1>Done Building Project "E:\a\Documents\Visual Studio 2013\Projects\LogicalExpressionOptimizing\LogicalExpressionOptimizing\LogicalExpressionOptimizing.vcxproj" (Build target(s)) -- FAILED.

Build FAILED.

Time Elapsed 00:00:01.98
